
GET /contacts 03-04-2023_03:27:38
GET / 03-04-2023_03:27:51
GET /contacts 03-04-2023_03:28:06
GET /books 03-04-2023_03:33:37
GET /api/contacts 03-04-2023_07:05:35
GET /api/contacts 03-04-2023_07:06:14
GET /api/contacts 03-04-2023_07:06:17
GET /api/contacts 03-04-2023_07:06:34
GET /api/contacts 03-04-2023_07:06:36
GET /api/contacts 03-04-2023_07:07:40
GET /api/contacts 03-04-2023_07:07:41
GET /api/contacts 03-04-2023_07:07:42
GET /api/contacts 03-04-2023_07:08:13
GET /api/contacts 03-04-2023_07:19:24
GET /api/contacts 03-04-2023_07:20:09
GET /api/contacts 03-04-2023_07:20:10
GET /api/contacts 03-04-2023_07:20:11
GET /api/contacts 03-04-2023_07:20:17
GET /api/contacts 03-04-2023_07:20:25
GET /api/contacts 03-04-2023_07:20:53
GET /api/contacts 03-04-2023_07:20:56
GET /api/contacts 03-04-2023_07:20:56
GET /api/contacts 03-04-2023_07:21:09
GET /api/contacts 03-04-2023_07:21:10
GET /api/contacts 03-04-2023_07:21:10
GET /api/contacts 03-04-2023_07:22:48
GET /api/contacts 03-04-2023_07:22:56
GET /api/contacts 03-04-2023_07:23:09
GET /api/contacts 03-04-2023_07:23:31
GET /api/contacts/05olLMgyVQdWRwgKfg5J6 03-04-2023_07:38:02
GET /api/contacts/05olLMgyVQdWRwgKfg5J6 03-04-2023_07:38:27
GET /api/contacts/05olLMgyVQdWRwgKfg5J6 03-04-2023_07:40:29
GET /api/contacts/05olLMgyVQdWRwgKfg5J6 03-04-2023_07:40:37
GET /api/contacts/05olLMgyVQdWRwgKfg5J6 03-04-2023_08:56:25
GET /api/contacts/05olLMgyVQdWRwgKfg5J6 03-04-2023_08:56:27
GET /favicon.ico 03-04-2023_08:56:27
GET /api/contacts 03-04-2023_08:56:42
GET /api/contacts/vza2RIzNGIwutCVCs4mCL 03-04-2023_08:57:00
GET /api/contacts/vza2errorRIzNGIwutCVCs4mCL 03-04-2023_08:57:19
GET /api/contacts 03-04-2023_08:57:45
GET /api/contacts 03-04-2023_08:58:10
GET /api/contacts 03-04-2023_08:58:57
GET /api/contacts 03-04-2023_08:59:00
GET /api/contacts 03-04-2023_08:59:17
GET /api/contacts 03-04-2023_08:59:19
POST /api/contacts/ 03-04-2023_09:30:55
POST /api/contacts/ 03-04-2023_09:38:45
POST /api/contacts/ 03-04-2023_09:39:03
POST /api/contacts/ 03-04-2023_09:39:24
POST /api/contacts/ 03-04-2023_09:39:58
POST /api/contacts/ 03-04-2023_09:42:44
POST /api/contacts/ 03-04-2023_09:42:54
POST /api/contacts/ 03-04-2023_09:43:29
POST /api/contacts/ 03-04-2023_09:45:05
POST /api/contacts/ 03-04-2023_09:50:41
POST /api/contacts/ 03-04-2023_09:51:24
POST /api/contacts/ 03-04-2023_09:58:37
POST /api/contacts/ 03-04-2023_09:59:21
POST /api/contacts/ 03-04-2023_09:59:35
POST /api/contacts/ 03-04-2023_09:59:49
POST /api/contacts/ 03-04-2023_10:00:00
POST /api/contacts/ 03-04-2023_10:24:14
DELETE /api/contacts/ 03-04-2023_10:25:14
DELETE /api/contacts/ElGFVLp3Hj2w8at5DxjBV 03-04-2023_10:25:46
DELETE /api/contacts/ElGFVLp3Hj2w8at5DxjBV 03-04-2023_10:26:07
DELETE /api/contacts/ElGFVLp3Hj2w8at5DxjBV 03-04-2023_10:26:24
DELETE /api/contacts/MS7jsNxalgImpegoBsbIm 03-04-2023_10:26:38
DELETE /api/contacts/MS7jsNxalgImpegoBsbIm 03-04-2023_10:26:48
DELETE /api/contacts/MS7jsNxalgImpegoBsbIm 03-04-2023_10:27:06
DELETE /api/contacts/Vl5rJ9SwRyozprRdYCPQG 03-04-2023_10:27:34
GET /api/contacts 03-04-2023_10:27:55
GET /api/contacts 03-04-2023_10:29:31
GET /api/contacts/MS7jsNxalgImpegoBsbIm 03-04-2023_10:29:57
PUT /api/contacts/MS7jsNxalgImpegoBsbIm 03-04-2023_10:31:07
DELETE /api/contacts/MS7jsNxalgImpegoBsbIm 03-04-2023_10:31:46
DELETE /api/contacts/ElGFVLp3Hj2w8at5DxjBV 03-04-2023_10:32:12
DELETE /api/contacts/ElGFVLp3Hj2w8at5DxjBV 03-04-2023_10:32:24
DELETE /api/contacts/ElGFVLp3Hj2w8at5DxjBV 03-04-2023_10:32:40
DELETE /api/contacts/Vl5rJ9SwRyozprRdYCPQG 03-04-2023_10:33:17
GET /api/contacts/C9sjBfCo4UJCWjzBnOtxl 03-04-2023_10:33:56
DELETE /api/contacts/C9sjBfCo4UJCWjzBnOtxl 03-04-2023_10:34:08
GET /api/contacts/e6ywwRe4jcqxXfCZOj_1e 03-04-2023_10:34:42
PUT /api/contacts/e6ywwRe4jcqxXfCZOj_1e 03-04-2023_10:35:12
PUT /api/contacts/e6ywwRe4jcqxXfCZOj_1e 03-04-2023_10:35:22
DELETE /api/contacts/e6ywwRe4jcqxXfCZOj_1e 03-04-2023_10:35:56
DELETE /api/contacts/ElGFVLp3Hj2w8at5DxjBV 03-04-2023_10:36:23
DELETE /api/contacts/ElGFVLp3Hj2w8at5DxjBV 03-04-2023_10:38:15
DELETE /api/contacts/uCB3-EeCkju_RYTEimWSM 03-04-2023_10:38:34